Game On
Turn 1
Planet
2 15 100
Planet
2 15 100
Game On
Turn 1
2 15 100
Turn 2
2 15 5
Turn 3
2 15 5
Turn 4
2 4 5
Turn 5
2 19 5
Turn 6
2 15 5
Turn 7
2 15 5
Turn 8
2 15 5
Turn 9
2 15 5
Turn 10
2 15 5
Turn 11
2 15 5
Turn 12
2 15 5
Turn 13
2 15 5
Turn 14
2 15 5
Turn 15
2 1 5
Turn 16
2 16 5
15 16 90
Turn 17
2 16 5
15 16 6
Turn 18
2 16 5
15 16 6
Turn 19
15 2 1
Turn 20
15 16 1
Turn 21
15 2 6
Turn 22
15 4 6
Turn 23
15 16 6
Turn 24
15 16 6
19 16 1
Turn 25
15 16 6
19 16 4
Turn 26
15 16 6
19 16 4
Turn 27
15 16 6
19 16 4
Turn 28
15 16 6
19 16 1
Turn 29
15 16 6
19 16 4
Turn 30
15 16 1
Turn 31
15 16 1
Turn 32
15 1 1
Turn 33
15 16 1
Turn 34
15 1 1
Turn 35
Turn 36
Turn 37
Turn 38
16 4 1
Turn 39
16 4 10
Turn 40
16 15 5
Turn 41
16 1 5
Turn 42
16 19 2
Turn 43
16 19 3
Turn 44
16 21 1
Turn 45
16 1 1
Turn 46
16 15 0
Turn 47
Turn 48
16 1 78
Turn 49
16 4 4
Turn 50
16 15 7
Turn 51
16 1 1
Turn 52
16 19 2
Turn 53
Turn 54
Turn 55
Turn 56
Turn 57
Turn 58
Turn 59
Turn 60
Turn 61
Turn 62
Turn 63
1 15 16
Turn 64
1 15 5
Turn 65
1 16 5
Turn 66
Turn 67
Turn 68
Turn 69
Turn 70
Turn 71
Turn 72
Turn 73
Turn 74
Turn 75
Turn 76
Turn 77
Turn 78
Turn 79
Turn 80
Turn 81
Turn 82
Turn 83
Turn 84
15 2 8
Turn 85
15 16 6
Turn 86
15 16 1
Turn 87
15 16 1
Turn 88
15 1 1
Turn 89
15 13 1
Turn 90
15 4 1
Turn 91
15 12 1
Turn 92
15 12 1
Turn 93
15 9 1
Turn 94
Turn 95
Turn 96
Turn 97
Turn 98
Turn 99
Turn 100
Turn 101
Turn 102
Turn 103
Turn 104
Turn 105
Turn 106
Turn 107
Turn 108
Turn 109
Turn 110
Turn 111
Turn 112
Turn 113
Turn 114
Turn 115
Turn 116
Turn 117
Turn 118
